<?xml version="1.0" encoding="UTF-8"?>
<!-- Generated by org.testng.reporters.JUnitReportReporter -->
<testsuite hostname="A3-560" name="com.selenium.moduleTestScripts.CartTestScript" tests="1" failures="0" timestamp="14 Sep 2017 08:11:04 GMT" time="49.359" errors="0">
  <testcase name="validateCart" time="49.359" classname="com.selenium.moduleTestScripts.CartTestScript"/>
</testsuite> <!-- com.selenium.moduleTestScripts.CartTestScript -->
