<?xml version="1.0" encoding="UTF-8"?>
<!-- Generated by org.testng.reporters.JUnitReportReporter -->
<testsuite hostname="A3-560" name="com.selenium.moduleTestScripts.TabWomenScript" tests="1" failures="0" timestamp="14 Sep 2017 08:11:04 GMT" time="78.677" errors="0">
  <testcase name="validateTabWomen" time="78.677" classname="com.selenium.moduleTestScripts.TabWomenScript"/>
</testsuite> <!-- com.selenium.moduleTestScripts.TabWomenScript -->
