<?xml version="1.0" encoding="UTF-8"?>
<!-- Generated by org.testng.reporters.JUnitReportReporter -->
<testsuite hostname="A3-560" name="com.selenium.automatedTests.loginTests.LoginTest" tests="1" failures="0" timestamp="15 Sep 2017 08:41:55 GMT" time="37.086" errors="0">
  <testcase name="validateLogin" time="37.086" classname="com.selenium.automatedTests.loginTests.LoginTest"/>
</testsuite> <!-- com.selenium.automatedTests.loginTests.LoginTest -->
