<?xml version="1.0" encoding="UTF-8"?>
<!-- Generated by org.testng.reporters.JUnitReportReporter -->
<testsuite hostname="A3-560" name="com.selenium.moduleTestScripts.LoginTestScript" tests="1" failures="0" timestamp="15 Sep 2017 09:42:31 GMT" time="38.084" errors="0">
  <testcase name="validateLogin" time="38.084" classname="com.selenium.moduleTestScripts.LoginTestScript"/>
</testsuite> <!-- com.selenium.moduleTestScripts.LoginTestScript -->
