<?xml version="1.0" encoding="UTF-8"?>
<!-- Generated by org.testng.reporters.JUnitReportReporter -->
<testsuite hostname="A3-560" name="com.selenium.framework.moduleTestScripts.CartTestScript" tests="1" failures="0" timestamp="11 Sep 2017 10:00:53 GMT" time="58.690" errors="0">
  <testcase name="validateLogin" time="58.690" classname="com.selenium.framework.moduleTestScripts.CartTestScript"/>
</testsuite> <!-- com.selenium.framework.moduleTestScripts.CartTestScript -->
