<?xml version="1.0" encoding="UTF-8"?>
<!-- Generated by org.testng.reporters.JUnitReportReporter -->
<testsuite hostname="A3-560" name="com.selenium.framework.moduleTestScripts.TabWomenScript" tests="1" failures="0" timestamp="11 Sep 2017 10:00:53 GMT" time="130.167" errors="0">
  <testcase name="validateTabWomen" time="130.167" classname="com.selenium.framework.moduleTestScripts.TabWomenScript"/>
</testsuite> <!-- com.selenium.framework.moduleTestScripts.TabWomenScript -->
